<?xml version="1.0" encoding="UTF-8"?>
<!-- Generated by org.testng.reporters.JUnitReportReporter -->
<testsuite hostname="MC02D28Z6ML85" failures="0" tests="7" name="com.saucedemo.qa.testcases.LoginPageTest" time="2.199" errors="0" timestamp="27 Oct 2021 05:49:35 GMT" skipped="0">
  <testcase classname="com.saucedemo.qa.testcases.LoginPageTest" name="loginWithValidUserNameAndInvalidPasswordTest" time="0.238"/>
  <testcase classname="com.saucedemo.qa.testcases.LoginPageTest" name="loginWithoutPasswordTest" time="0.246"/>
  <testcase classname="com.saucedemo.qa.testcases.LoginPageTest" name="loginWithoutUserNameTest" time="0.221"/>
  <testcase classname="com.saucedemo.qa.testcases.LoginPageTest" name="saucedemoLogoImageTest" time="0.068"/>
  <testcase classname="com.saucedemo.qa.testcases.LoginPageTest" name="loginWithLockedOutUserTest" time="0.305"/>
  <testcase classname="com.saucedemo.qa.testcases.LoginPageTest" name="loginWithInValidUserNameAndPasswordTest" time="0.642"/>
  <testcase classname="com.saucedemo.qa.testcases.LoginPageTest" name="loginWithValidUserNameAndPasswordTest" time="0.479"/>
</testsuite> <!-- com.saucedemo.qa.testcases.LoginPageTest -->
